<?xml version="1.0" encoding="UTF-8"?>
<testsuite name="com.example.cloud.function.SpringCloudFunctionPocApplicationTests" tests="1" skipped="0" failures="0" errors="0" timestamp="2022-03-23T23:46:13" hostname="LENOVO-PC" time="1.816">
  <properties/>
  <testcase name="contextLoads()" classname="com.example.cloud.function.SpringCloudFunctionPocApplicationTests" time="1.816"/>
  <system-out><![CDATA[19:46:07.563 [Test worker] DEBUG org.springframework.test.context.BootstrapUtils - Instantiating CacheAwareContextLoaderDelegate from class [org.springframework.test.context.cache.DefaultCacheAwareContextLoaderDelegate]
19:46:07.593 [Test worker] DEBUG org.springframework.test.context.BootstrapUtils - Instantiating BootstrapContext using constructor [public org.springframework.test.context.support.DefaultBootstrapContext(java.lang.Class,org.springframework.test.context.CacheAwareContextLoaderDelegate)]
19:46:07.692 [Test worker] DEBUG org.springframework.test.context.BootstrapUtils - Instantiating TestContextBootstrapper for test class [com.example.cloud.function.SpringCloudFunctionPocApplicationTests] from class [org.springframework.boot.test.context.SpringBootTestContextBootstrapper]
19:46:07.725 [Test worker] INFO org.springframework.boot.test.context.SpringBootTestContextBootstrapper - Neither @ContextConfiguration nor @ContextHierarchy found for test class [com.example.cloud.function.SpringCloudFunctionPocApplicationTests], using SpringBootContextLoader
19:46:07.736 [Test worker] DEBUG org.springframework.test.context.support.AbstractContextLoader - Did not detect default resource location for test class [com.example.cloud.function.SpringCloudFunctionPocApplicationTests]: class path resource [com/example/cloud/function/SpringCloudFunctionPocApplicationTests-context.xml] does not exist
19:46:07.738 [Test worker] DEBUG org.springframework.test.context.support.AbstractContextLoader - Did not detect default resource location for test class [com.example.cloud.function.SpringCloudFunctionPocApplicationTests]: class path resource [com/example/cloud/function/SpringCloudFunctionPocApplicationTestsContext.groovy] does not exist
19:46:07.739 [Test worker] INFO org.springframework.test.context.support.AbstractContextLoader - Could not detect default resource locations for test class [com.example.cloud.function.SpringCloudFunctionPocApplicationTests]: no resource found for suffixes {-context.xml, Context.groovy}.
19:46:07.741 [Test worker] INFO org.springframework.test.context.support.AnnotationConfigContextLoaderUtils - Could not detect default configuration classes for test class [com.example.cloud.function.SpringCloudFunctionPocApplicationTests]: SpringCloudFunctionPocApplicationTests does not declare any static, non-private, non-final, nested classes annotated with @Configuration.
19:46:07.848 [Test worker] DEBUG org.springframework.test.context.support.ActiveProfilesUtils - Could not find an 'annotation declaring class' for annotation type [org.springframework.test.context.ActiveProfiles] and class [com.example.cloud.function.SpringCloudFunctionPocApplicationTests]
19:46:08.002 [Test worker] DEBUG org.springframework.context.annotation.ClassPathScanningCandidateComponentProvider - Identified candidate component class: file [C:\Tech Buzz\GITHUB_SPRING_CLOUD_FUNCTION_POC\spring-cloud-function-poc\build\classes\java\main\com\example\cloud\function\SpringCloudFunctionPocApplication.class]
19:46:08.004 [Test worker] INFO org.springframework.boot.test.context.SpringBootTestContextBootstrapper - Found @SpringBootConfiguration com.example.cloud.function.SpringCloudFunctionPocApplication for test class com.example.cloud.function.SpringCloudFunctionPocApplicationTests
19:46:08.310 [Test worker] DEBUG org.springframework.boot.test.context.SpringBootTestContextBootstrapper - @TestExecutionListeners is not present for class [com.example.cloud.function.SpringCloudFunctionPocApplicationTests]: using defaults.
19:46:08.311 [Test worker] INFO org.springframework.boot.test.context.SpringBootTestContextBootstrapper - Loaded default TestExecutionListener class names from location [META-INF/spring.factories]: [org.springframework.boot.test.autoconfigure.restdocs.RestDocsTestExecutionListener, org.springframework.boot.test.autoconfigure.web.client.MockRestServiceServerResetTestExecutionListener, org.springframework.boot.test.autoconfigure.web.servlet.MockMvcPrintOnlyOnFailureTestExecutionListener, org.springframework.boot.test.autoconfigure.web.servlet.WebDriverTestExecutionListener, org.springframework.boot.test.autoconfigure.webservices.client.MockWebServiceServerTestExecutionListener, org.springframework.boot.test.mock.mockito.MockitoTestExecutionListener, org.springframework.boot.test.mock.mockito.ResetMocksTestExecutionListener, org.springframework.test.context.web.ServletTestExecutionListener, org.springframework.test.context.support.DirtiesContextBeforeModesTestExecutionListener, org.springframework.test.context.event.ApplicationEventsTestExecutionListener, org.springframework.test.context.support.DependencyInjectionTestExecutionListener, org.springframework.test.context.support.DirtiesContextTestExecutionListener, org.springframework.test.context.transaction.TransactionalTestExecutionListener, org.springframework.test.context.jdbc.SqlScriptsTestExecutionListener, org.springframework.test.context.event.EventPublishingTestExecutionListener]
19:46:08.335 [Test worker] DEBUG org.springframework.boot.test.context.SpringBootTestContextBootstrapper - Skipping candidate TestExecutionListener [org.springframework.test.context.web.ServletTestExecutionListener] due to a missing dependency. Specify custom listener classes or make the default listener classes and their required dependencies available. Offending class: [javax/servlet/ServletContext]
19:46:08.340 [Test worker] DEBUG org.springframework.boot.test.context.SpringBootTestContextBootstrapper - Skipping candidate TestExecutionListener [org.springframework.test.context.transaction.TransactionalTestExecutionListener] due to a missing dependency. Specify custom listener classes or make the default listener classes and their required dependencies available. Offending class: [org/springframework/transaction/interceptor/TransactionAttributeSource]
19:46:08.342 [Test worker] DEBUG org.springframework.boot.test.context.SpringBootTestContextBootstrapper - Skipping candidate TestExecutionListener [org.springframework.test.context.jdbc.SqlScriptsTestExecutionListener] due to a missing dependency. Specify custom listener classes or make the default listener classes and their required dependencies available. Offending class: [org/springframework/transaction/interceptor/TransactionAttribute]
19:46:08.342 [Test worker] INFO org.springframework.boot.test.context.SpringBootTestContextBootstrapper - Using TestExecutionListeners: [org.springframework.test.context.support.DirtiesContextBeforeModesTestExecutionListener@50bc1b65, org.springframework.test.context.event.ApplicationEventsTestExecutionListener@1d69f3e7, org.springframework.boot.test.mock.mockito.MockitoTestExecutionListener@33797b22, org.springframework.boot.test.autoconfigure.SpringBootDependencyInjectionTestExecutionListener@79104b48, org.springframework.test.context.support.DirtiesContextTestExecutionListener@4947003c, org.springframework.test.context.event.EventPublishingTestExecutionListener@1b632438, org.springframework.boot.test.autoconfigure.restdocs.RestDocsTestExecutionListener@633bec1d, org.springframework.boot.test.autoconfigure.web.client.MockRestServiceServerResetTestExecutionListener@180ab139, org.springframework.boot.test.autoconfigure.web.servlet.MockMvcPrintOnlyOnFailureTestExecutionListener@69bd04e4, org.springframework.boot.test.autoconfigure.web.servlet.WebDriverTestExecutionListener@6bfdaf0f, org.springframework.boot.test.autoconfigure.webservices.client.MockWebServiceServerTestExecutionListener@579afd69, org.springframework.boot.test.mock.mockito.ResetMocksTestExecutionListener@1ad40dda]
19:46:08.353 [Test worker] DEBUG org.springframework.test.context.support.AbstractDirtiesContextTestExecutionListener - Before test class: context [DefaultTestContext@30a9a60a testClass = SpringCloudFunctionPocApplicationTests, testInstance = [null], testMethod = [null], testException = [null], mergedContextConfiguration = [MergedContextConfiguration@11502096 testClass = SpringCloudFunctionPocApplicationTests, locations = '{}', classes = '{class com.example.cloud.function.SpringCloudFunctionPocApplication}', contextInitializerClasses = '[]', activeProfiles = '{}', propertySourceLocations = '{}', propertySourceProperties = '{org.springframework.boot.test.context.SpringBootTestContextBootstrapper=true}', contextCustomizers = set[org.springframework.boot.test.autoconfigure.actuate.metrics.MetricsExportContextCustomizerFactory$DisableMetricExportContextCustomizer@67547db2, org.springframework.boot.test.autoconfigure.properties.PropertyMappingContextCustomizer@0, org.springframework.boot.test.autoconfigure.web.servlet.WebDriverContextCustomizerFactory$Customizer@52aba5ec, org.springframework.boot.test.context.filter.ExcludeFilterContextCustomizer@45dcc2c7, org.springframework.boot.test.json.DuplicateJsonObjectContextCustomizerFactory$DuplicateJsonObjectContextCustomizer@36f9e9f3, org.springframework.boot.test.mock.mockito.MockitoContextCustomizer@0, org.springframework.boot.test.web.client.TestRestTemplateContextCustomizer@1d105e39, org.springframework.boot.test.context.SpringBootTestArgs@1, org.springframework.boot.test.context.SpringBootTestWebEnvironment@70f1c991], contextLoader = 'org.springframework.boot.test.context.SpringBootContextLoader', parent = [null]], attributes = map[[empty]]], class annotated with @DirtiesContext [false] with mode [null].
19:46:08.386 [Test worker] DEBUG org.springframework.test.context.support.DependencyInjectionTestExecutionListener - Performing dependency injection for test context [[DefaultTestContext@30a9a60a testClass = SpringCloudFunctionPocApplicationTests, testInstance = com.example.cloud.function.SpringCloudFunctionPocApplicationTests@13decfcc, testMethod = [null], testException = [null], mergedContextConfiguration = [MergedContextConfiguration@11502096 testClass = SpringCloudFunctionPocApplicationTests, locations = '{}', classes = '{class com.example.cloud.function.SpringCloudFunctionPocApplication}', contextInitializerClasses = '[]', activeProfiles = '{}', propertySourceLocations = '{}', propertySourceProperties = '{org.springframework.boot.test.context.SpringBootTestContextBootstrapper=true}', contextCustomizers = set[org.springframework.boot.test.autoconfigure.actuate.metrics.MetricsExportContextCustomizerFactory$DisableMetricExportContextCustomizer@67547db2, org.springframework.boot.test.autoconfigure.properties.PropertyMappingContextCustomizer@0, org.springframework.boot.test.autoconfigure.web.servlet.WebDriverContextCustomizerFactory$Customizer@52aba5ec, org.springframework.boot.test.context.filter.ExcludeFilterContextCustomizer@45dcc2c7, org.springframework.boot.test.json.DuplicateJsonObjectContextCustomizerFactory$DuplicateJsonObjectContextCustomizer@36f9e9f3, org.springframework.boot.test.mock.mockito.MockitoContextCustomizer@0, org.springframework.boot.test.web.client.TestRestTemplateContextCustomizer@1d105e39, org.springframework.boot.test.context.SpringBootTestArgs@1, org.springframework.boot.test.context.SpringBootTestWebEnvironment@70f1c991], contextLoader = 'org.springframework.boot.test.context.SpringBootContextLoader', parent = [null]], attributes = map['org.springframework.test.context.event.ApplicationEventsTestExecutionListener.recordApplicationEvents' -> false]]].

  .   ____          _            __ _ _
 /\\ / ___'_ __ _ _(_)_ __  __ _ \ \ \ \
( ( )\___ | '_ | '_| | '_ \/ _` | \ \ \ \
 \\/  ___)| |_)| | | | | || (_| |  ) ) ) )
  '  |____| .__|_| |_|_| |_\__, | / / / /
 =========|_|==============|___/=/_/_/_/
 :: Spring Boot ::                (v2.6.4)

2022-03-23 19:46:09.252  INFO 12280 --- [    Test worker] f.SpringCloudFunctionPocApplicationTests : Starting SpringCloudFunctionPocApplicationTests using Java 16 on Lenovo-PC with PID 12280 (started by Karthik in C:\Tech Buzz\GITHUB_SPRING_CLOUD_FUNCTION_POC\spring-cloud-function-poc)
2022-03-23 19:46:09.256  INFO 12280 --- [    Test worker] f.SpringCloudFunctionPocApplicationTests : No active profile set, falling back to 1 default profile: "default"
2022-03-23 19:46:13.134  INFO 12280 --- [    Test worker] f.SpringCloudFunctionPocApplicationTests : Started SpringCloudFunctionPocApplicationTests in 4.659 seconds (JVM running for 8.844)
]]></system-out>
  <system-err><![CDATA[]]></system-err>
</testsuite>
